[2020-09-15T17:39:06.361] [ERROR] error - ReferenceError: ctx1 is not defined
    at _callee$ (/Users/zhuduanlei/code/nodejs/koa2_booksSys/controllers/IndexController.js:29:5)
    at tryCatch (/Users/zhuduanlei/code/nodejs/koa2_booksSys/node_modules/regenerator-runtime/runtime.js:63:40)
    at Generator.invoke [as _invoke] (/Users/zhuduanlei/code/nodejs/koa2_booksSys/node_modules/regenerator-runtime/runtime.js:293:22)
    at Generator.next (/Users/zhuduanlei/code/nodejs/koa2_booksSys/node_modules/regenerator-runtime/runtime.js:118:21)
    at asyncGeneratorStep (/Users/zhuduanlei/code/nodejs/koa2_booksSys/controllers/IndexController.js:16:103)
    at _next (/Users/zhuduanlei/code/nodejs/koa2_booksSys/controllers/IndexController.js:18:194)
[2020-09-15T20:18:34.559] [ERROR] error - TypeError: booksModel.getBooksDataList is not a function
    at actionIndex (/Users/zhuduanlei/code/nodejs/koa2_booksSys/controllers/IndexController.js:28:16)
    at dispatch (/Users/zhuduanlei/code/nodejs/koa2_booksSys/node_modules/koa-compose/index.js:42:32)
    at /Users/zhuduanlei/code/nodejs/koa2_booksSys/node_modules/@koa/router/lib/router.js:372:16
    at dispatch (/Users/zhuduanlei/code/nodejs/koa2_booksSys/node_modules/koa-compose/index.js:42:32)
    at /Users/zhuduanlei/code/nodejs/koa2_booksSys/node_modules/koa-compose/index.js:34:12
    at dispatch (/Users/zhuduanlei/code/nodejs/koa2_booksSys/node_modules/@koa/router/lib/router.js:377:31)
    at next (/Users/zhuduanlei/code/nodejs/koa2_booksSys/node_modules/koa-compose/index.js:42:32)
    at _callee$ (/Users/zhuduanlei/code/nodejs/koa2_booksSys/middlewares/index.js:4:13)
    at tryCatch (/Users/zhuduanlei/code/nodejs/koa2_booksSys/node_modules/regenerator-runtime/runtime.js:63:40)
    at Generator.invoke [as _invoke] (/Users/zhuduanlei/code/nodejs/koa2_booksSys/node_modules/regenerator-runtime/runtime.js:293:22)
[2020-09-19T19:22:09.074] [ERROR] error - Error: ENOENT: no such file or directory, open '/Users/zhuduanlei/code/nodejs/koa2_booksSys/src/web/views/books/page/layout.html'
    at Object.openSync (fs.js:462:3)
    at Object.readFileSync (fs.js:364:35)
    at Object.ret.load (/Users/zhuduanlei/code/nodejs/koa2_booksSys/node_modules/swig-templates/lib/loaders/filesystem.js:59:15)
    at exports.Swig.parseFile (/Users/zhuduanlei/code/nodejs/koa2_booksSys/node_modules/swig-templates/lib/swig.js:403:31)
    at getParents (/Users/zhuduanlei/code/nodejs/koa2_booksSys/node_modules/swig-templates/lib/swig.js:480:14)
    at exports.Swig.precompile (/Users/zhuduanlei/code/nodejs/koa2_booksSys/node_modules/swig-templates/lib/swig.js:527:19)
    at exports.Swig.compile (/Users/zhuduanlei/code/nodejs/koa2_booksSys/node_modules/swig-templates/lib/swig.js:651:16)
    at /Users/zhuduanlei/code/nodejs/koa2_booksSys/node_modules/swig-templates/lib/swig.js:729:27
    at FSReqCallback.readFileAfterClose [as oncomplete] (internal/fs/read_file_context.js:63:3) {
  errno: -2,
  syscall: 'open',
  code: 'ENOENT',
  path: '/Users/zhuduanlei/code/nodejs/koa2_booksSys/src/web/views/books/page/layout.html'
}
